<?xml version="1.0" encoding="UTF-8"?>
<testsuite name="RectangleTest" tests="6" skipped="0" failures="0" errors="0" timestamp="2016-04-27T16:23:19" hostname="epicodus-93.local" time="0.001">
  <properties/>
  <testcase name="area_calculatesArea_6" classname="RectangleTest" time="0.0"/>
  <testcase name="newRectangle_instatiatesCorrectly" classname="RectangleTest" time="0.0"/>
  <testcase name="isSquare_whenASquare_true" classname="RectangleTest" time="0.0"/>
  <testcase name="getWidth_getsRectangleWidth_4" classname="RectangleTest" time="0.0"/>
  <testcase name="isSquare_whenNotASquare_false" classname="RectangleTest" time="0.0"/>
  <testcase name="getLength_getsRectangleLength_2" classname="RectangleTest" time="0.0"/>
  <system-out><![CDATA[]]></system-out>
  <system-err><![CDATA[]]></system-err>
</testsuite>
